<?xml version="1.0" encoding="UTF-8"?>
<!-- Generated by org.testng.reporters.JUnitXMLReporter -->
<testsuite ignored="0" hostname="EQ-EQ7501361" failures="0" tests="6" name="Default test" time="171.838" errors="0" timestamp="2022-09-02T11:43:51 EET">
  <testcase classname="tests.AuthenticationTest" name="verify_that_signIn_page_is_Accessible" time="18.004"/>
  <testcase classname="tests.AuthenticationTest" name="verify_that_user_can_signIn_with_valid_data" time="46.935"/>
  <testcase classname="tests.AuthenticationTest" name="verify_Invalid_SignIn" time="23.613"/>
  <testcase classname="tests.AuthenticationTest" name="verify_Invalid_SignIn" time="14.655"/>
  <testcase classname="tests.AuthenticationTest" name="verify_Invalid_SignIn" time="15.687"/>
  <testcase classname="tests.AuthenticationTest" name="verify_Invalid_SignIn" time="26.748"/>
</testsuite> <!-- Default test -->
