<?xml version="1.0" encoding="UTF-8"?>
<!-- Generated by org.testng.reporters.JUnitXMLReporter -->
<testsuite ignored="0" hostname="EQ-EQ7501361" failures="0" tests="6" name="Default test" time="126.416" errors="0" timestamp="2022-09-02T11:56:05 EET">
  <testcase classname="tests.AuthenticationTest" name="verify_that_signIn_page_is_Accessible" time="9.048"/>
  <testcase classname="tests.AuthenticationTest" name="verify_that_user_can_signIn_with_valid_data" time="30.187"/>
  <testcase classname="tests.AuthenticationTest" name="verify_Invalid_SignIn" time="26.745"/>
  <testcase classname="tests.AuthenticationTest" name="verify_Invalid_SignIn" time="17.746"/>
  <testcase classname="tests.AuthenticationTest" name="verify_Invalid_SignIn" time="16.877"/>
  <testcase classname="tests.AuthenticationTest" name="verify_Invalid_SignIn" time="9.414"/>
</testsuite> <!-- Default test -->
