<?xml version="1.0" encoding="UTF-8"?>
<testng-results ignored="0" total="6" passed="6" failed="0" skipped="0">
  <reporter-output>
  </reporter-output>
  <suite started-at="2022-09-02T11:40:59 EET" name="Default suite" finished-at="2022-09-02T11:43:51 EET" duration-ms="171838">
    <groups>
    </groups>
    <test started-at="2022-09-02T11:40:59 EET" name="Default test" finished-at="2022-09-02T11:43:51 EET" duration-ms="171838">
      <class name="tests.AuthenticationTest">
        <test-method is-config="true" signature="TestsetUp()[pri:0, instance:tests.AuthenticationTest@49049a04]" started-at="2022-09-02T11:40:59 EET" name="TestsetUp" finished-at="2022-09-02T11:41:21 EET" duration-ms="21782" status="PASS">
          <reporter-output>
          </reporter-output>
        </test-method> <!-- TestsetUp -->
        <test-method signature="verify_that_signIn_page_is_Accessible()[pri:1, instance:tests.AuthenticationTest@49049a04]" started-at="2022-09-02T11:41:21 EET" name="verify_that_signIn_page_is_Accessible" finished-at="2022-09-02T11:41:39 EET" duration-ms="18004" status="PASS">
          <reporter-output>
          </reporter-output>
        </test-method> <!-- verify_that_signIn_page_is_Accessible -->
        <test-method signature="verify_that_user_can_signIn_with_valid_data(java.lang.String,java.lang.String)[pri:2, instance:tests.AuthenticationTest@49049a04]" started-at="2022-09-02T11:41:40 EET" name="verify_that_user_can_signIn_with_valid_data" data-provider="SignInValidData" finished-at="2022-09-02T11:42:27 EET" duration-ms="46935" status="PASS">
          <params>
            <param index="0">
              <value>
                <![CDATA[mohamed022@gmail.com]]>
              </value>
            </param>
            <param index="1">
              <value>
                <![CDATA[mohamedalaa]]>
              </value>
            </param>
          </params>
          <reporter-output>
          </reporter-output>
        </test-method> <!-- verify_that_user_can_signIn_with_valid_data -->
        <test-method signature="verify_Invalid_SignIn(java.lang.String,java.lang.String,java.lang.String)[pri:3, instance:tests.AuthenticationTest@49049a04]" started-at="2022-09-02T11:42:27 EET" name="verify_Invalid_SignIn" data-provider="SignInInvalidData" finished-at="2022-09-02T11:42:50 EET" duration-ms="23613" status="PASS">
          <params>
            <param index="0">
              <value>
                <![CDATA[mohamed@sharklasers.com]]>
              </value>
            </param>
            <param index="1">
              <value>
                <![CDATA[]]>
              </value>
            </param>
            <param index="2">
              <value>
                <![CDATA[Password is required]]>
              </value>
            </param>
          </params>
          <reporter-output>
          </reporter-output>
        </test-method> <!-- verify_Invalid_SignIn -->
        <test-method signature="verify_Invalid_SignIn(java.lang.String,java.lang.String,java.lang.String)[pri:3, instance:tests.AuthenticationTest@49049a04]" started-at="2022-09-02T11:42:50 EET" name="verify_Invalid_SignIn" data-provider="SignInInvalidData" finished-at="2022-09-02T11:43:05 EET" duration-ms="14655" status="PASS">
          <params>
            <param index="0">
              <value>
                <![CDATA[]]>
              </value>
            </param>
            <param index="1">
              <value>
                <![CDATA[asdewqczx]]>
              </value>
            </param>
            <param index="2">
              <value>
                <![CDATA[An email address required]]>
              </value>
            </param>
          </params>
          <reporter-output>
          </reporter-output>
        </test-method> <!-- verify_Invalid_SignIn -->
        <test-method signature="verify_Invalid_SignIn(java.lang.String,java.lang.String,java.lang.String)[pri:3, instance:tests.AuthenticationTest@49049a04]" started-at="2022-09-02T11:43:05 EET" name="verify_Invalid_SignIn" data-provider="SignInInvalidData" finished-at="2022-09-02T11:43:21 EET" duration-ms="15687" status="PASS">
          <params>
            <param index="0">
              <value>
                <![CDATA[mohamed.com]]>
              </value>
            </param>
            <param index="1">
              <value>
                <![CDATA[asdewqczx]]>
              </value>
            </param>
            <param index="2">
              <value>
                <![CDATA[Invalid email address]]>
              </value>
            </param>
          </params>
          <reporter-output>
          </reporter-output>
        </test-method> <!-- verify_Invalid_SignIn -->
        <test-method signature="verify_Invalid_SignIn(java.lang.String,java.lang.String,java.lang.String)[pri:3, instance:tests.AuthenticationTest@49049a04]" started-at="2022-09-02T11:43:21 EET" name="verify_Invalid_SignIn" data-provider="SignInInvalidData" finished-at="2022-09-02T11:43:48 EET" duration-ms="26748" status="PASS">
          <params>
            <param index="0">
              <value>
                <![CDATA[mohamed@sharklasers.com]]>
              </value>
            </param>
            <param index="1">
              <value>
                <![CDATA[1.23456789E8]]>
              </value>
            </param>
            <param index="2">
              <value>
                <![CDATA[Authentication failed]]>
              </value>
            </param>
          </params>
          <reporter-output>
          </reporter-output>
        </test-method> <!-- verify_Invalid_SignIn -->
        <test-method is-config="true" signature="TesttearDown()[pri:0, instance:tests.AuthenticationTest@49049a04]" started-at="2022-09-02T11:43:48 EET" name="TesttearDown" finished-at="2022-09-02T11:43:51 EET" duration-ms="3091" status="PASS">
          <reporter-output>
          </reporter-output>
        </test-method> <!-- TesttearDown -->
      </class> <!-- tests.AuthenticationTest -->
    </test> <!-- Default test -->
  </suite> <!-- Default suite -->
</testng-results>
